<?xml version="1.0" encoding="UTF-8"?>
<!-- Generated by org.testng.reporters.JUnitReportReporter -->
<testsuite hostname="DESKTOP-3GP703F" failures="0" tests="1" name="POMEx.ApplicationPage" time="4.675" errors="0" timestamp="2022-08-24T00:06:02 IST" skipped="0">
  <testcase classname="POMEx.ApplicationPage" name="test" time="4.675"/>
  <system-out/>
</testsuite> <!-- POMEx.ApplicationPage -->
